<?xml version="1.0" encoding="UTF-8"?>
<testng-results ignored="0" total="1" passed="1" failed="0" skipped="0">
  <reporter-output>
  </reporter-output>
  <suite started-at="2024-09-30T16:40:05 IST" name="Default suite" finished-at="2024-09-30T16:40:13 IST" duration-ms="8139">
    <groups>
    </groups>
    <test started-at="2024-09-30T16:40:05 IST" name="Default test" finished-at="2024-09-30T16:40:13 IST" duration-ms="8139">
      <class name="testpkg.Saucelogintest">
        <test-method is-config="true" signature="beforeclass()[pri:0, instance:testpkg.Saucelogintest@6892b3b6]" started-at="2024-09-30T16:40:05 IST" name="beforeclass" finished-at="2024-09-30T16:40:11 IST" duration-ms="5783" status="PASS">
          <reporter-output>
          </reporter-output>
        </test-method> <!-- beforeclass -->
        <test-method signature="loginpage()[pri:0, instance:testpkg.Saucelogintest@6892b3b6]" started-at="2024-09-30T16:40:11 IST" name="loginpage" finished-at="2024-09-30T16:40:13 IST" duration-ms="2313" status="PASS">
          <reporter-output>
          </reporter-output>
        </test-method> <!-- loginpage -->
      </class> <!-- testpkg.Saucelogintest -->
    </test> <!-- Default test -->
  </suite> <!-- Default suite -->
</testng-results>
